1587320546.281524 client started (6673): version next-3.1, socket /private/tmp/tmux-502/default, protocol 8
1587320546.281578 on Darwin 19.2.0 Darwin Kernel Version 19.2.0: Sat Nov  9 03:47:04 PST 2019; root:xnu-6153.61.1~20/RELEASE_X86_64; libevent 2.1.11-stable (select)
1587320546.281617 socket is /private/tmp/tmux-502/default
1587320546.281656 trying connect
1587320546.281807 add peer 0x107ba6000: 6 (0x0)
1587320546.284827 sending message 100 to peer 0x107ba6000 (4 bytes)
1587320546.284864 sending message 101 to peer 0x107ba6000 (16 bytes)
1587320546.284873 sending message 102 to peer 0x107ba6000 (13 bytes)
1587320546.284880 sending message 108 to peer 0x107ba6000 (33 bytes)
1587320546.284899 sending message 104 to peer 0x107ba6000 (0 bytes)
1587320546.284907 sending message 107 to peer 0x107ba6000 (4 bytes)
1587320546.284915 sending message 105 to peer 0x107ba6000 (42 bytes)
1587320546.284923 sending message 105 to peer 0x107ba6000 (46 bytes)
1587320546.284931 sending message 105 to peer 0x107ba6000 (75 bytes)
1587320546.284939 sending message 105 to peer 0x107ba6000 (11 bytes)
1587320546.284947 sending message 105 to peer 0x107ba6000 (19 bytes)
1587320546.284955 sending message 105 to peer 0x107ba6000 (32 bytes)
1587320546.284963 sending message 105 to peer 0x107ba6000 (22 bytes)
1587320546.284970 sending message 105 to peer 0x107ba6000 (23 bytes)
1587320546.284978 sending message 105 to peer 0x107ba6000 (25 bytes)
1587320546.284986 sending message 105 to peer 0x107ba6000 (19 bytes)
1587320546.284993 sending message 105 to peer 0x107ba6000 (28 bytes)
1587320546.285001 sending message 105 to peer 0x107ba6000 (77 bytes)
1587320546.285009 sending message 105 to peer 0x107ba6000 (18 bytes)
1587320546.285017 sending message 105 to peer 0x107ba6000 (21 bytes)
1587320546.285025 sending message 105 to peer 0x107ba6000 (53 bytes)
1587320546.285032 sending message 105 to peer 0x107ba6000 (26 bytes)
1587320546.285045 sending message 105 to peer 0x107ba6000 (518 bytes)
1587320546.285057 sending message 105 to peer 0x107ba6000 (16 bytes)
1587320546.285068 sending message 105 to peer 0x107ba6000 (42 bytes)
1587320546.285079 sending message 105 to peer 0x107ba6000 (39 bytes)
1587320546.285090 sending message 105 to peer 0x107ba6000 (24 bytes)
1587320546.285099 sending message 105 to peer 0x107ba6000 (23 bytes)
1587320546.285108 sending message 105 to peer 0x107ba6000 (14 bytes)
1587320546.285115 sending message 105 to peer 0x107ba6000 (17 bytes)
1587320546.285121 sending message 105 to peer 0x107ba6000 (12 bytes)
1587320546.285128 sending message 105 to peer 0x107ba6000 (54 bytes)
1587320546.285136 sending message 105 to peer 0x107ba6000 (239 bytes)
1587320546.285150 sending message 105 to peer 0x107ba6000 (18 bytes)
1587320546.285159 sending message 105 to peer 0x107ba6000 (171 bytes)
1587320546.285167 sending message 105 to peer 0x107ba6000 (10 bytes)
1587320546.285174 sending message 105 to peer 0x107ba6000 (17 bytes)
1587320546.285182 sending message 105 to peer 0x107ba6000 (168 bytes)
1587320546.285190 sending message 105 to peer 0x107ba6000 (37 bytes)
1587320546.285197 sending message 105 to peer 0x107ba6000 (16 bytes)
1587320546.285205 sending message 105 to peer 0x107ba6000 (24 bytes)
1587320546.285213 sending message 105 to peer 0x107ba6000 (15 bytes)
1587320546.285222 sending message 105 to peer 0x107ba6000 (8 bytes)
1587320546.285229 sending message 105 to peer 0x107ba6000 (66 bytes)
1587320546.285237 sending message 105 to peer 0x107ba6000 (27 bytes)
1587320546.285245 sending message 105 to peer 0x107ba6000 (21 bytes)
1587320546.285253 sending message 105 to peer 0x107ba6000 (28 bytes)
1587320546.285261 sending message 105 to peer 0x107ba6000 (25 bytes)
1587320546.285269 sending message 105 to peer 0x107ba6000 (53 bytes)
1587320546.285277 sending message 105 to peer 0x107ba6000 (57 bytes)
1587320546.285285 sending message 105 to peer 0x107ba6000 (43 bytes)
1587320546.285292 sending message 105 to peer 0x107ba6000 (14 bytes)
1587320546.285300 sending message 105 to peer 0x107ba6000 (51 bytes)
1587320546.285308 sending message 105 to peer 0x107ba6000 (9 bytes)
1587320546.285331 sending message 105 to peer 0x107ba6000 (30 bytes)
1587320546.285337 sending message 105 to peer 0x107ba6000 (14 bytes)
1587320546.285341 sending message 105 to peer 0x107ba6000 (19 bytes)
1587320546.285346 sending message 105 to peer 0x107ba6000 (32 bytes)
1587320546.285350 sending message 105 to peer 0x107ba6000 (40 bytes)
1587320546.285355 sending message 105 to peer 0x107ba6000 (45 bytes)
1587320546.285364 sending message 105 to peer 0x107ba6000 (46 bytes)
1587320546.285373 sending message 105 to peer 0x107ba6000 (29 bytes)
1587320546.285378 sending message 105 to peer 0x107ba6000 (46 bytes)
1587320546.285382 sending message 105 to peer 0x107ba6000 (29 bytes)
1587320546.285387 sending message 105 to peer 0x107ba6000 (29 bytes)
1587320546.285392 sending message 105 to peer 0x107ba6000 (21 bytes)
1587320546.285396 sending message 105 to peer 0x107ba6000 (36 bytes)
1587320546.285400 sending message 105 to peer 0x107ba6000 (29 bytes)
1587320546.285405 sending message 105 to peer 0x107ba6000 (21 bytes)
1587320546.285410 sending message 105 to peer 0x107ba6000 (51 bytes)
1587320546.285415 sending message 105 to peer 0x107ba6000 (68 bytes)
1587320546.285419 sending message 105 to peer 0x107ba6000 (46 bytes)
1587320546.285423 sending message 105 to peer 0x107ba6000 (25 bytes)
1587320546.285429 sending message 105 to peer 0x107ba6000 (38 bytes)
1587320546.285433 sending message 105 to peer 0x107ba6000 (35 bytes)
1587320546.285438 sending message 105 to peer 0x107ba6000 (42 bytes)
1587320546.285443 sending message 105 to peer 0x107ba6000 (21 bytes)
1587320546.285447 sending message 105 to peer 0x107ba6000 (274 bytes)
1587320546.285452 sending message 105 to peer 0x107ba6000 (17 bytes)
1587320546.285457 sending message 105 to peer 0x107ba6000 (19 bytes)
1587320546.285462 sending message 105 to peer 0x107ba6000 (22 bytes)
1587320546.285467 sending message 105 to peer 0x107ba6000 (30 bytes)
1587320546.285471 sending message 105 to peer 0x107ba6000 (36 bytes)
1587320546.285476 sending message 105 to peer 0x107ba6000 (23 bytes)
1587320546.285481 sending message 105 to peer 0x107ba6000 (46 bytes)
1587320546.285485 sending message 105 to peer 0x107ba6000 (21 bytes)
1587320546.285490 sending message 105 to peer 0x107ba6000 (77 bytes)
1587320546.285494 sending message 105 to peer 0x107ba6000 (18 bytes)
1587320546.285498 sending message 105 to peer 0x107ba6000 (15 bytes)
1587320546.285502 sending message 105 to peer 0x107ba6000 (22 bytes)
1587320546.285506 sending message 106 to peer 0x107ba6000 (0 bytes)
1587320546.285514 sending message 200 to peer 0x107ba6000 (4 bytes)
1587320546.285519 client loop enter
1587320546.285977 peer 0x107ba6000 message 211
1587320546.285995 client_write: sessions should be nested with care, unset $TMUX to force\n
1587320546.286015 peer 0x107ba6000 message 203
1587320546.286021 client loop exit
